<?xml version="1.0" encoding="UTF-8"?>
<!-- Generated by org.testng.reporters.JUnitXMLReporter -->
<testsuite hostname="DESKTOP-L22C96I" ignored="0" name="Surefire test" tests="9" failures="1" timestamp="12 фев 2018 09:05:55 GMT" time="47.482" errors="0">
  <testcase name="authorization" time="1.511" classname="com.dilara.badretdinova.AuthorizationTest">
    <failure type="java.lang.AssertionError" message="expected [BilalovaLR] but found [BilalovLR]">
      <![CDATA[java.lang.AssertionError: expected [BilalovaLR] but found [BilalovLR]at com.dilara.badretdinova.AuthorizationTest.authorization(AuthorizationTest.java:45)... Removed 36 stack frames]]>
    </failure>
  </testcase> <!-- authorization -->
  <testcase name="clickButtonCreateNewPP" time="0.332" classname="com.dilara.badretdinova.ButtonCreateNewPPTest"/>
  <testcase name="verificationCodeEnter" time="1.228" classname="com.dilara.badretdinova.CreateNewDocPPTest"/>
  <testcase name="verificationDocDate" time="0.825" classname="com.dilara.badretdinova.CreateNewDocPPTest"/>
  <testcase name="verificationDocNumber" time="1.502" classname="com.dilara.badretdinova.CreateNewDocPPTest"/>
  <testcase name="verificationPriorityTypeOfPayment" time="1.361" classname="com.dilara.badretdinova.CreateNewDocPPTest"/>
  <testcase name="verificationTemplate" time="1.796" classname="com.dilara.badretdinova.CreateNewDocPPTest"/>
  <testcase name="verificationTypePayment" time="0.927" classname="com.dilara.badretdinova.CreateNewDocPPTest"/>
  <testcase name="deleteMessage" time="1.777" classname="com.dilara.badretdinova.DeleteMessagesTest"/>
</testsuite> <!-- Surefire test -->
