-------------------------------------------------------------------------------
Test set: TestSuite
-------------------------------------------------------------------------------
Tests run: 9, Failures: 1, Errors: 0, Skipped: 0, Time elapsed: 48.883 s <<< FAILURE! - in TestSuite
authorization(com.dilara.badretdinova.AuthorizationTest)  Time elapsed: 1.982 s  <<< FAILURE!
java.lang.AssertionError: expected [BilalovaLR] but found [BilalovLR]
	at com.dilara.badretdinova.AuthorizationTest.authorization(AuthorizationTest.java:45)

